<?xml version="1.0" encoding="UTF-8"?>
<testsuite name="Group Sales Bundle - IE"
           tests="3"
           failures="0"
           errors="0"
           skipped="0"
           time="60.070">
  <properties />
  
  
            <testcase name="identificationOfGroupSalesInCashSystem" time="9.642" classname="com.mcdebos.ecash.othercashfunctions.groupsales.TestGroupSalesLandingPage" />
                <testcase name="pathwayToGroupSales" time="17.182" classname="com.mcdebos.ecash.othercashfunctions.groupsales.TestGroupSalesLandingPage" />
                <testcase name="navigateIntoSubFunctionsOfGroupSales" time="33.246" classname="com.mcdebos.ecash.othercashfunctions.groupsales.TestGroupSalesLandingPage" />
      
</testsuite>
