<?xml version="1.0" encoding="UTF-8"?>
<!-- Generated by org.testng.reporters.JUnitXMLReporter -->
<testsuite hostname="LAP-R9LDYD3" name="Drawer Countdown  - US 84" tests="1" failures="0" timestamp="8 Apr 2016 15:35:40 GMT" time="54.899" errors="0">
  <testcase name="@BeforeMethod setUp" time="0.0" classname="com.mcdebos.ecash.othercashfunctions.groupsales.TestTaxExemptSales">
    <failure type="org.openqa.selenium.WebDriverException" message="Failed to connect to binary FirefoxBinary(C:\Program Files (x86)\Mozilla Firefox\firefox.exe) on port 7055; process output follows: 
7}}}
1460129693923	addons.xpi	DEBUG	Existing add-on fxdriver@googlecode.com in app-profile
1460129693924	addons.xpi	DEBUG	getModTime: Recursive scan of {972ce4c6-7e08-4474-a285-3208198ce6fd}
1460129693924	addons.xpi	DEBUG	Existing add-on {972ce4c6-7e08-4474-a285-3208198ce6fd} in app-global
1460129693925	addons.xpi	DEBUG	Existing add-on meetinglauncher@iconf.net in winreg-app-global
1460129693925	addons.xpi	DEBUG	Existing add-on {D19CA586-DD6C-4a0a-96F8-14644F340D60} in winreg-app-global
1460129693925	addons.xpi	DEBUG	getInstallState changed: false, state: {&amp;quot;app-profile&amp;quot;:{&amp;quot;fxdriver@googlecode.com&amp;quot;:{&amp;quot;d&amp;quot;:&amp;quot;C:\\Users\\mc29012\\AppData\\Local\\Temp\\anonymous1654913619038412835webdriver-profile\\extensions\\fxdriver@googlecode.com&amp;quot;,&amp;quot;e&amp;quot;:false,&amp;quot;v&amp;quot;:&amp;quot;2.43.1&amp;quot;,&amp;quot;st&amp;quot;:1460129689921,&amp;quot;mt&amp;quot;:1460129689748}},&amp;quot;app-global&amp;quot;:{&amp;quot;{972ce4c6-7e08-4474-a285-3208198ce6fd}&amp;quot;:{&amp;quot;d&amp;quot;:&amp;quot;C:\\Program Files (x86)\\Mozilla Firefox\\browser\\extensions\\{972ce4c6-7e08-4474-a285-3208198ce6fd}&amp;quot;,&amp;quot;e&amp;quot;:true,&amp;quot;v&amp;quot;:&amp;quot;43.0.1&amp;quot;,&amp;quot;st&amp;quot;:1460059454754,&amp;quot;mt&amp;quot;:1460059454491}},&amp;quot;winreg-app-global&amp;quot;:{&amp;quot;meetinglauncher@iconf.net&amp;quot;:{&amp;quot;d&amp;quot;:&amp;quot;C:\\Program Files (x86)\\Meeting Center\\Modules\\Firefox&amp;quot;,&amp;quot;e&amp;quot;:false,&amp;quot;v&amp;quot;:&amp;quot;4.11.7.288&amp;quot;,&amp;quot;st&amp;quot;:1418334926026,&amp;quot;mt&amp;quot;:1386361972000},&amp;quot;{D19CA586-DD6C-4a0a-96F8-14644F340D60}&amp;quot;:{&amp;quot;d&amp;quot;:&amp;quot;C:\\Program Files (x86)\\Common Files\\McAfee\\SystemCore&amp;quot;,&amp;quot;e&amp;quot;:false,&amp;quot;v&amp;quot;:&amp;quot;15.4.0&amp;quot;,&amp;quot;st&amp;quot;:1449504134335,&amp;quot;mt&amp;quot;:1442842022497}}}
1460129693927	addons.xpi	DEBUG	No changes found
1460129693934	addons.manager	DEBUG	Registering shutdown blocker for XPIProvider
1460129693935	addons.manager	DEBUG	Provider finished startup: XPIProvider
1460129693935	addons.manager	DEBUG	Starting provider: LightweightThemeManager
1460129693935	addons.manager	DEBUG	Registering shutdown blocker for LightweightThemeManager
1460129693935	addons.manager	DEBUG	Provider finished startup: LightweightThemeManager
1460129693935	addons.manager	DEBUG	Starting provider: GMPProvider
1460129693941	addons.manager	DEBUG	Registering shutdown blocker for GMPProvider
1460129693941	addons.manager	DEBUG	Provider finished startup: GMPProvider
1460129693941	addons.manager	DEBUG	Starting provider: PluginProvider
1460129693941	addons.manager	DEBUG	Registering shutdown blocker for PluginProvider
1460129693942	addons.manager	DEBUG	Provider finished startup: PluginProvider
1460129693942	addons.manager	DEBUG	Completed startup sequence
1460129694030	addons.xpi-utils	DEBUG	Starting async load of XPI database C:\Users\mc29012\AppData\Local\Temp\anonymous1654913619038412835webdriver-profile\extensions.json
*** Blocklist::_loadBlocklistFromFile: blocklist is disabled
1460129694210	addons.manager	DEBUG	Starting provider: &amp;lt;unnamed-provider&amp;gt;
1460129694210	addons.manager	DEBUG	Registering shutdown blocker for &amp;lt;unnamed-provider&amp;gt;
1460129694210	addons.manager	DEBUG	Provider finished startup: &amp;lt;unnamed-provider&amp;gt;
1460129694332	addons.xpi-utils	DEBUG	Async JSON file read took 0 MS
1460129694332	addons.xpi-utils	DEBUG	Finished async read of XPI database, parsing...
1460129694333	addons.xpi-utils	DEBUG	Successfully read XPI database
1460129694406	addons.manager	DEBUG	Starting provider: PreviousExperimentProvider
1460129694406	addons.manager	DEBUG	Registering shutdown blocker for PreviousExperimentProvider
1460129694406	addons.manager	DEBUG	Provider finished startup: PreviousExperimentProvider
1460129717467	addons.manager	DEBUG	shutdown
1460129717468	addons.manager	DEBUG	Calling shutdown blocker for XPIProvider
1460129717468	addons.xpi	DEBUG	shutdown
1460129717468	addons.xpi-utils	DEBUG	shutdown
1460129717469	addons.manager	DEBUG	Calling shutdown blocker for LightweightThemeManager
1460129717469	addons.manager	DEBUG	Calling shutdown blocker for GMPProvider
1460129717471	addons.manager	DEBUG	Calling shutdown blocker for PluginProvider
1460129717471	addons.manager	DEBUG	Calling shutdown blocker for &amp;lt;unnamed-provider&amp;gt;
1460129717472	addons.manager	DEBUG	Calling shutdown blocker for PreviousExperimentProvider
1460129717475	addons.xpi	DEBUG	Notifying XPI shutdown observers
1460129717479	addons.manager	DEBUG	Async provider shutdown done

Build info: version: &amp;apos;2.43.1&amp;apos;, revision: &amp;apos;5163bce&amp;apos;, time: &amp;apos;2014-09-10 16:27:33&amp;apos;
System info: host: &amp;apos;LAP-R9LDYD3&amp;apos;, ip: &amp;apos;152.140.154.146&amp;apos;, os.name: &amp;apos;Windows 7&amp;apos;, os.arch: &amp;apos;amd64&amp;apos;, os.version: &amp;apos;6.1&amp;apos;, java.version: &amp;apos;1.8.0_45&amp;apos;
Driver info: driver.version: FirefoxDriver">
      <![CDATA[org.openqa.selenium.WebDriverException: Failed to connect to binary FirefoxBinary(C:\Program Files (x86)\Mozilla Firefox\firefox.exe) on port 7055; process output follows: 
7}}}
1460129693923	addons.xpi	DEBUG	Existing add-on fxdriver@googlecode.com in app-profile
1460129693924	addons.xpi	DEBUG	getModTime: Recursive scan of {972ce4c6-7e08-4474-a285-3208198ce6fd}
1460129693924	addons.xpi	DEBUG	Existing add-on {972ce4c6-7e08-4474-a285-3208198ce6fd} in app-global
1460129693925	addons.xpi	DEBUG	Existing add-on meetinglauncher@iconf.net in winreg-app-global
1460129693925	addons.xpi	DEBUG	Existing add-on {D19CA586-DD6C-4a0a-96F8-14644F340D60} in winreg-app-global
1460129693925	addons.xpi	DEBUG	getInstallState changed: false, state: {"app-profile":{"fxdriver@googlecode.com":{"d":"C:\\Users\\mc29012\\AppData\\Local\\Temp\\anonymous1654913619038412835webdriver-profile\\extensions\\fxdriver@googlecode.com","e":false,"v":"2.43.1","st":1460129689921,"mt":1460129689748}},"app-global":{"{972ce4c6-7e08-4474-a285-3208198ce6fd}":{"d":"C:\\Program Files (x86)\\Mozilla Firefox\\browser\\extensions\\{972ce4c6-7e08-4474-a285-3208198ce6fd}","e":true,"v":"43.0.1","st":1460059454754,"mt":1460059454491}},"winreg-app-global":{"meetinglauncher@iconf.net":{"d":"C:\\Program Files (x86)\\Meeting Center\\Modules\\Firefox","e":false,"v":"4.11.7.288","st":1418334926026,"mt":1386361972000},"{D19CA586-DD6C-4a0a-96F8-14644F340D60}":{"d":"C:\\Program Files (x86)\\Common Files\\McAfee\\SystemCore","e":false,"v":"15.4.0","st":1449504134335,"mt":1442842022497}}}
1460129693927	addons.xpi	DEBUG	No changes found
1460129693934	addons.manager	DEBUG	Registering shutdown blocker for XPIProvider
1460129693935	addons.manager	DEBUG	Provider finished startup: XPIProvider
1460129693935	addons.manager	DEBUG	Starting provider: LightweightThemeManager
1460129693935	addons.manager	DEBUG	Registering shutdown blocker for LightweightThemeManager
1460129693935	addons.manager	DEBUG	Provider finished startup: LightweightThemeManager
1460129693935	addons.manager	DEBUG	Starting provider: GMPProvider
1460129693941	addons.manager	DEBUG	Registering shutdown blocker for GMPProvider
1460129693941	addons.manager	DEBUG	Provider finished startup: GMPProvider
1460129693941	addons.manager	DEBUG	Starting provider: PluginProvider
1460129693941	addons.manager	DEBUG	Registering shutdown blocker for PluginProvider
1460129693942	addons.manager	DEBUG	Provider finished startup: PluginProvider
1460129693942	addons.manager	DEBUG	Completed startup sequence
1460129694030	addons.xpi-utils	DEBUG	Starting async load of XPI database C:\Users\mc29012\AppData\Local\Temp\anonymous1654913619038412835webdriver-profile\extensions.json
*** Blocklist::_loadBlocklistFromFile: blocklist is disabled
1460129694210	addons.manager	DEBUG	Starting provider: <unnamed-provider>
1460129694210	addons.manager	DEBUG	Registering shutdown blocker for <unnamed-provider>
1460129694210	addons.manager	DEBUG	Provider finished startup: <unnamed-provider>
1460129694332	addons.xpi-utils	DEBUG	Async JSON file read took 0 MS
1460129694332	addons.xpi-utils	DEBUG	Finished async read of XPI database, parsing...
1460129694333	addons.xpi-utils	DEBUG	Successfully read XPI database
1460129694406	addons.manager	DEBUG	Starting provider: PreviousExperimentProvider
1460129694406	addons.manager	DEBUG	Registering shutdown blocker for PreviousExperimentProvider
1460129694406	addons.manager	DEBUG	Provider finished startup: PreviousExperimentProvider
1460129717467	addons.manager	DEBUG	shutdown
1460129717468	addons.manager	DEBUG	Calling shutdown blocker for XPIProvider
1460129717468	addons.xpi	DEBUG	shutdown
1460129717468	addons.xpi-utils	DEBUG	shutdown
1460129717469	addons.manager	DEBUG	Calling shutdown blocker for LightweightThemeManager
1460129717469	addons.manager	DEBUG	Calling shutdown blocker for GMPProvider
1460129717471	addons.manager	DEBUG	Calling shutdown blocker for PluginProvider
1460129717471	addons.manager	DEBUG	Calling shutdown blocker for <unnamed-provider>
1460129717472	addons.manager	DEBUG	Calling shutdown blocker for PreviousExperimentProvider
1460129717475	addons.xpi	DEBUG	Notifying XPI shutdown observers
1460129717479	addons.manager	DEBUG	Async provider shutdown done

Build info: version: '2.43.1', revision: '5163bce', time: '2014-09-10 16:27:33'
System info: host: 'LAP-R9LDYD3', ip: '152.140.154.146', os.name: 'Windows 7', os.arch: 'amd64', os.version: '6.1', java.version: '1.8.0_45'
Driver info: driver.version: FirefoxDriver
	at org.openqa.selenium.firefox.internal.NewProfileExtensionConnection.start(NewProfileExtensionConnection.java:130)
	at org.openqa.selenium.firefox.FirefoxDriver.startClient(FirefoxDriver.java:246)
	at org.openqa.selenium.remote.RemoteWebDriver.<init>(RemoteWebDriver.java:114)
	at org.openqa.selenium.firefox.FirefoxDriver.<init>(FirefoxDriver.java:193)
	at org.openqa.selenium.firefox.FirefoxDriver.<init>(FirefoxDriver.java:186)
	at org.openqa.selenium.firefox.FirefoxDriver.<init>(FirefoxDriver.java:182)
	at org.openqa.selenium.firefox.FirefoxDriver.<init>(FirefoxDriver.java:95)
	at com.mcdebos.ecash.pages.Common.getWebDriver(Common.java:56)
	at com.mcdebos.ecash.othercashfunctions.groupsales.TestTaxExemptSales.setUp(TestTaxExemptSales.java:33)
Caused by: org.openqa.selenium.firefox.NotConnectedException: Unable to connect to host 127.0.0.1 on port 7055 after 45000 ms. Firefox console output:
7}}}
1460129693923	addons.xpi	DEBUG	Existing add-on fxdriver@googlecode.com in app-profile
1460129693924	addons.xpi	DEBUG	getModTime: Recursive scan of {972ce4c6-7e08-4474-a285-3208198ce6fd}
1460129693924	addons.xpi	DEBUG	Existing add-on {972ce4c6-7e08-4474-a285-3208198ce6fd} in app-global
1460129693925	addons.xpi	DEBUG	Existing add-on meetinglauncher@iconf.net in winreg-app-global
1460129693925	addons.xpi	DEBUG	Existing add-on {D19CA586-DD6C-4a0a-96F8-14644F340D60} in winreg-app-global
1460129693925	addons.xpi	DEBUG	getInstallState changed: false, state: {"app-profile":{"fxdriver@googlecode.com":{"d":"C:\\Users\\mc29012\\AppData\\Local\\Temp\\anonymous1654913619038412835webdriver-profile\\extensions\\fxdriver@googlecode.com","e":false,"v":"2.43.1","st":1460129689921,"mt":1460129689748}},"app-global":{"{972ce4c6-7e08-4474-a285-3208198ce6fd}":{"d":"C:\\Program Files (x86)\\Mozilla Firefox\\browser\\extensions\\{972ce4c6-7e08-4474-a285-3208198ce6fd}","e":true,"v":"43.0.1","st":1460059454754,"mt":1460059454491}},"winreg-app-global":{"meetinglauncher@iconf.net":{"d":"C:\\Program Files (x86)\\Meeting Center\\Modules\\Firefox","e":false,"v":"4.11.7.288","st":1418334926026,"mt":1386361972000},"{D19CA586-DD6C-4a0a-96F8-14644F340D60}":{"d":"C:\\Program Files (x86)\\Common Files\\McAfee\\SystemCore","e":false,"v":"15.4.0","st":1449504134335,"mt":1442842022497}}}
1460129693927	addons.xpi	DEBUG	No changes found
1460129693934	addons.manager	DEBUG	Registering shutdown blocker for XPIProvider
1460129693935	addons.manager	DEBUG	Provider finished startup: XPIProvider
1460129693935	addons.manager	DEBUG	Starting provider: LightweightThemeManager
1460129693935	addons.manager	DEBUG	Registering shutdown blocker for LightweightThemeManager
1460129693935	addons.manager	DEBUG	Provider finished startup: LightweightThemeManager
1460129693935	addons.manager	DEBUG	Starting provider: GMPProvider
1460129693941	addons.manager	DEBUG	Registering shutdown blocker for GMPProvider
1460129693941	addons.manager	DEBUG	Provider finished startup: GMPProvider
1460129693941	addons.manager	DEBUG	Starting provider: PluginProvider
1460129693941	addons.manager	DEBUG	Registering shutdown blocker for PluginProvider
1460129693942	addons.manager	DEBUG	Provider finished startup: PluginProvider
1460129693942	addons.manager	DEBUG	Completed startup sequence
1460129694030	addons.xpi-utils	DEBUG	Starting async load of XPI database C:\Users\mc29012\AppData\Local\Temp\anonymous1654913619038412835webdriver-profile\extensions.json
*** Blocklist::_loadBlocklistFromFile: blocklist is disabled
1460129694210	addons.manager	DEBUG	Starting provider: <unnamed-provider>
1460129694210	addons.manager	DEBUG	Registering shutdown blocker for <unnamed-provider>
1460129694210	addons.manager	DEBUG	Provider finished startup: <unnamed-provider>
1460129694332	addons.xpi-utils	DEBUG	Async JSON file read took 0 MS
1460129694332	addons.xpi-utils	DEBUG	Finished async read of XPI database, parsing...
1460129694333	addons.xpi-utils	DEBUG	Successfully read XPI database
1460129694406	addons.manager	DEBUG	Starting provider: PreviousExperimentProvider
1460129694406	addons.manager	DEBUG	Registering shutdown blocker for PreviousExperimentProvider
1460129694406	addons.manager	DEBUG	Provider finished startup: PreviousExperimentProvider
1460129717467	addons.manager	DEBUG	shutdown
1460129717468	addons.manager	DEBUG	Calling shutdown blocker for XPIProvider
1460129717468	addons.xpi	DEBUG	shutdown
1460129717468	addons.xpi-utils	DEBUG	shutdown
1460129717469	addons.manager	DEBUG	Calling shutdown blocker for LightweightThemeManager
1460129717469	addons.manager	DEBUG	Calling shutdown blocker for GMPProvider
1460129717471	addons.manager	DEBUG	Calling shutdown blocker for PluginProvider
1460129717471	addons.manager	DEBUG	Calling shutdown blocker for <unnamed-provider>
1460129717472	addons.manager	DEBUG	Calling shutdown blocker for PreviousExperimentProvider
1460129717475	addons.xpi	DEBUG	Notifying XPI shutdown observers
1460129717479	addons.manager	DEBUG	Async provider shutdown done

	at org.openqa.selenium.firefox.internal.NewProfileExtensionConnection.start(NewProfileExtensionConnection.java:118)
	... 34 more
... Removed 26 stack frames]]>
    </failure>
  </testcase> <!-- @BeforeMethod setUp -->
  <testcase name="@AfterMethod tearDown" time="0.0" classname="com.mcdebos.ecash.othercashfunctions.groupsales.TestTaxExemptSales">
    <failure type="java.lang.NullPointerException">
      <![CDATA[java.lang.NullPointerException
	at com.mcdebos.ecash.othercashfunctions.groupsales.TestTaxExemptSales.tearDown(TestTaxExemptSales.java:1003)
... Removed 26 stack frames]]>
    </failure>
  </testcase> <!-- @AfterMethod tearDown -->
  <testcase name="sortTaxExemptSalesDetailsByFieldDisplayedOnTaxExemptSalesPage" time="0.0" classname="com.mcdebos.ecash.othercashfunctions.groupsales.TestTaxExemptSales">
    <skipped/>
  </testcase> <!-- sortTaxExemptSalesDetailsByFieldDisplayedOnTaxExemptSalesPage -->
</testsuite> <!-- Drawer Countdown  - US 84 -->
