<?xml version="1.0" encoding="UTF-8"?>
<!-- Generated by org.testng.reporters.JUnitXMLReporter -->
<testsuite hostname="DS-7071BC8FD8F3" name="Drawer Countdown  - US 84" tests="10" failures="0" timestamp="13 Apr 2016 11:19:45 GMT" time="650.839" errors="0">
  <testcase name="pathwayToGroupSales" time="8.787" classname="com.mcdebos.ecash.othercashfunctions.groupsales.TestGroupSalesLandingPage"/>
  <testcase name="identificationOfGroupSalesInCashSystem" time="4.618" classname="com.mcdebos.ecash.othercashfunctions.groupsales.TestGroupSalesLandingPage"/>
  <testcase name="navigateIntoSubFunctionsOfGroupSales" time="9.697" classname="com.mcdebos.ecash.othercashfunctions.groupsales.TestGroupSalesLandingPage"/>
  <testcase name="viewDateRangeOptions" time="58.579" classname="com.mcdebos.ecash.othercashfunctions.groupsales.TestTaxExemptSales"/>
  <testcase name="viewTotalOfTaxExemptSales" time="34.841" classname="com.mcdebos.ecash.othercashfunctions.groupsales.TestTaxExemptSales"/>
  <testcase name="viewTaxExemptSalesLandingPageFields" time="9.094" classname="com.mcdebos.ecash.othercashfunctions.groupsales.TestTaxExemptSales"/>
  <testcase name="verifyUserAbleToEditTaxExemptSalesForFinalizedDeposit" time="37.112" classname="com.mcdebos.ecash.othercashfunctions.groupsales.TestTaxExemptSales"/>
  <testcase name="verifyManualEntryFields" time="81.814" classname="com.mcdebos.ecash.othercashfunctions.groupsales.TestTaxExemptSales"/>
  <testcase name="filterTaxExemptSalesDetailsByOrganizationUserAndDepositCode" time="17.92" classname="com.mcdebos.ecash.othercashfunctions.groupsales.TestTaxExemptSales"/>
  <testcase name="sortTaxExemptSalesDetailsByFieldDisplayedOnTaxExemptSalesPage" time="21.208" classname="com.mcdebos.ecash.othercashfunctions.groupsales.TestTaxExemptSales"/>
</testsuite> <!-- Drawer Countdown  - US 84 -->
