<?xml version="1.0" encoding="UTF-8"?>
<!-- Generated by org.testng.reporters.JUnitReportReporter -->
<testsuite hostname="DS-7071BC8FD8F3" name="com.mcdebos.ecash.othercashfunctions.groupsales.TestGroupSalesLandingPage" tests="3" failures="0" timestamp="7 Apr 2016 07:27:23 GMT" time="158.915" errors="0">
  <testcase name="navigateIntoSubFunctionsOfGroupSales" time="66.312" classname="com.mcdebos.ecash.othercashfunctions.groupsales.TestGroupSalesLandingPage"/>
  <testcase name="pathwayToGroupSales" time="48.217" classname="com.mcdebos.ecash.othercashfunctions.groupsales.TestGroupSalesLandingPage"/>
  <testcase name="identificationOfGroupSalesInCashSystem" time="44.386" classname="com.mcdebos.ecash.othercashfunctions.groupsales.TestGroupSalesLandingPage"/>
</testsuite> <!-- com.mcdebos.ecash.othercashfunctions.groupsales.TestGroupSalesLandingPage -->
